生成启动时间为 2017/5/14 20:00:14。
     1>项目“E:\homework\homework1\homework1\homework1.vcxproj”在节点 2 上(Build 个目标)。
     1>ClCompile:
         D:\VS\VC\bin\CL.exe /c /ZI /nologo /W3 /WX- /sdl /Od /Oy- /D WIN32 /D _DEBUG /D _CONSOLE /D _LIB /D _UNICODE /D UNICODE /Gm /EHsc /RTC1 /MDd /GS /fp:precise /Zc:wchar_t /Zc:forScope /Fo"Debug\\" /Fd"Debug\vc120.pdb" /Gd /TP /analyze- /errorReport:prompt main.cpp
         main.cpp
       Link:
         D:\VS\VC\bin\link.exe /ERRORREPORT:PROMPT /OUT:"E:\homework\homework1\Debug\homework1.exe" /INCREMENTAL /NOLOGO kernel32.lib user32.lib gdi32.lib winspool.lib comdlg32.lib advapi32.lib shell32.lib ole32.lib oleaut32.lib uuid.lib odbc32.lib odbccp32.lib /MANIFEST /MANIFESTUAC:"level='asInvoker' uiAccess='false'" /manifest:embed /DEBUG /PDB:"E:\homework\homework1\Debug\homework1.pdb" /SUBSYSTEM:CONSOLE /TLBID:1 /DYNAMICBASE /NXCOMPAT /IMPLIB:"E:\homework\homework1\Debug\homework1.lib" /MACHINE:X86 Debug\main.obj
     1>main.obj : error LNK2019: 无法解析的外部符号 _gsl_matrix_alloc，该符号在函数 "struct gsl_matrix * __cdecl GetInverse(struct gsl_matrix *)" (?GetInverse@@YAPAUgsl_matrix@@PAU1@@Z) 中被引用
     1>main.obj : error LNK2019: 无法解析的外部符号 _gsl_matrix_free，该符号在函数 "struct gsl_matrix * __cdecl GetInverse(struct gsl_matrix *)" (?GetInverse@@YAPAUgsl_matrix@@PAU1@@Z) 中被引用
     1>main.obj : error LNK2019: 无法解析的外部符号 _gsl_matrix_memcpy，该符号在函数 "struct gsl_matrix * __cdecl GetInverse(struct gsl_matrix *)" (?GetInverse@@YAPAUgsl_matrix@@PAU1@@Z) 中被引用
     1>main.obj : error LNK2019: 无法解析的外部符号 _gsl_matrix_get，该符号在函数 "void __cdecl Show_matrix(struct gsl_matrix *)" (?Show_matrix@@YAXPAUgsl_matrix@@@Z) 中被引用
     1>main.obj : error LNK2019: 无法解析的外部符号 _gsl_matrix_set，该符号在函数 "void __cdecl GetRand(struct gsl_matrix *)" (?GetRand@@YAXPAUgsl_matrix@@@Z) 中被引用
     1>main.obj : error LNK2019: 无法解析的外部符号 _gsl_permutation_alloc，该符号在函数 "struct gsl_matrix * __cdecl GetInverse(struct gsl_matrix *)" (?GetInverse@@YAPAUgsl_matrix@@PAU1@@Z) 中被引用
     1>main.obj : error LNK2019: 无法解析的外部符号 _gsl_permutation_free，该符号在函数 "struct gsl_matrix * __cdecl GetInverse(struct gsl_matrix *)" (?GetInverse@@YAPAUgsl_matrix@@PAU1@@Z) 中被引用
     1>main.obj : error LNK2019: 无法解析的外部符号 _gsl_linalg_LU_decomp，该符号在函数 "struct gsl_matrix * __cdecl GetInverse(struct gsl_matrix *)" (?GetInverse@@YAPAUgsl_matrix@@PAU1@@Z) 中被引用
     1>main.obj : error LNK2019: 无法解析的外部符号 _gsl_linalg_LU_invert，该符号在函数 "struct gsl_matrix * __cdecl GetInverse(struct gsl_matrix *)" (?GetInverse@@YAPAUgsl_matrix@@PAU1@@Z) 中被引用
     1>E:\homework\homework1\Debug\homework1.exe : fatal error LNK1120: 9 个无法解析的外部命令
     1>已完成生成项目“E:\homework\homework1\homework1\homework1.vcxproj”(Build 个目标)的操作 - 失败。

生成失败。

已用时间 00:00:04.20
